  Test2.cpp
  LINK : 没有找到 F:\Code\object\JiQiao\Project1\Debug\Project1.exe 或上一个增量链接没有生成它；正在执行完全链接
Test2.obj : error LNK2005: "void __cdecl test1(void)" (?test1@@YAXXZ) 已经在 Test1.obj 中定义
F:\Code\object\JiQiao\Project1\Debug\Project1.exe : fatal error LNK1169: 找到一个或多个多重定义的符号
